<?xml version="1.0" encoding="UTF-8"?>
<robot generator="Robot 4.1.3 (Python 3.7.0 on win32)" generated="20220211 14:38:55.812" rpa="false" schemaversion="2">
<suite id="s1" name="Verify Suite" source="C:\Users\Harish banakar\Desktop\LT4\robot_framework_day4\login_suite\verify_suite.robot">
<test id="s1-t1" name="Verify Valid Credential Test">
<kw name="Open Browser" library="SeleniumLibrary">
<arg>browser=chrome</arg>
<arg>executable_path=${EXECDIR}${/}drivers${/}chromedriver</arg>
<doc>Opens a new browser instance to the optional ``url``.</doc>
<msg timestamp="20220211 14:38:57.163" level="INFO">Opening browser 'chrome' to base url 'None'.</msg>
<status status="PASS" starttime="20220211 14:38:57.162" endtime="20220211 14:39:00.124"/>
</kw>
<kw name="Maximize Browser Window" library="SeleniumLibrary">
<doc>Maximizes current browser window.</doc>
<status status="PASS" starttime="20220211 14:39:00.127" endtime="20220211 14:39:00.282"/>
</kw>
<kw name="Set Selenium Implicit Wait" library="SeleniumLibrary">
<arg>30s</arg>
<doc>Sets the implicit wait value used by Selenium.</doc>
<status status="PASS" starttime="20220211 14:39:00.286" endtime="20220211 14:39:00.295"/>
</kw>
<kw name="Go To" library="SeleniumLibrary">
<arg>url=https://opensource-demo.orangehrmlive.com/</arg>
<doc>Navigates the current browser window to the provided ``url``.</doc>
<msg timestamp="20220211 14:39:00.298" level="INFO">Opening url 'https://opensource-demo.orangehrmlive.com/'</msg>
<status status="PASS" starttime="20220211 14:39:00.297" endtime="20220211 14:39:06.604"/>
</kw>
<status status="PASS" starttime="20220211 14:38:57.160" endtime="20220211 14:39:06.606"/>
</test>
<status status="PASS" starttime="20220211 14:38:55.843" endtime="20220211 14:39:06.611"/>
</suite>
<statistics>
<total>
<stat pass="1" fail="0" skip="0">All Tests</stat>
</total>
<tag>
</tag>
<suite>
<stat pass="1" fail="0" skip="0" id="s1" name="Verify Suite">Verify Suite</stat>
</suite>
</statistics>
<errors>
</errors>
</robot>
